Base path: /Applications/Unity/Hub/Editor/2018.4.12f1/Unity.app/Contents
Cmd: initializeCompiler
Cmd: translateComputeKernel
  api=14 insize=1469 outsize=1585 ok=1
Cmd: translateComputeKernel
  api=14 insize=48849 outsize=85905 ok=1
Cmd: compileComputeKernel
  api=14 insize=10881 outsize=10709 ok=1
Cmd: translateComputeKernel
  api=14 insize=11453 outsize=22673 ok=1
Cmd: compileComputeKernel
  api=14 insize=4855 outsize=7329 ok=1
Cmd: translateComputeKernel
  api=14 insize=11249 outsize=18625 ok=1
Cmd: translateComputeKernel
  api=14 insize=3265 outsize=5365 ok=1
Cmd: compileComputeKernel
  api=14 insize=18299 outsize=9721 ok=1
Cmd: compileComputeKernel
  api=14 insize=18299 outsize=9405 ok=1
Cmd: compileComputeKernel
  api=14 insize=18299 outsize=11489 ok=1
Cmd: translateComputeKernel
  api=14 insize=9721 outsize=16629 ok=1
Cmd: translateComputeKernel
  api=14 insize=11321 outsize=24829 ok=1
Cmd: compileComputeKernel
  api=14 insize=5435 outsize=7001 ok=1
Cmd: translateComputeKernel
  api=14 insize=7001 outsize=13529 ok=1
Cmd: translateComputeKernel
  api=14 insize=1997 outsize=3517 ok=1
Cmd: compileComputeKernel
  api=14 insize=1806 outsize=1145 ok=1
Cmd: translateComputeKernel
  api=14 insize=2001 outsize=3541 ok=1
Cmd: compileComputeKernel
  api=14 insize=2044 outsize=1509 ok=1
Cmd: initializeCompiler
Cmd: initializeCompiler
Cmd: initializeCompiler
Cmd: initializeCompiler
Cmd: initializeCompiler
Cmd: initializeCompiler
Cmd: initializeCompiler
Cmd: initializeCompiler
Cmd: initializeCompiler
